Determining if the Q_WS_X11 exist failed with the following output:
Change Dir: /Users/Shaojun/catkin_ws/build/CMakeFiles/CMakeTmp

Run Build Command:"/usr/bin/make" "cmTryCompileExec4190280108/fast"
/Applications/Xcode.app/Contents/Developer/usr/bin/make -f CMakeFiles/cmTryCompileExec4190280108.dir/build.make CMakeFiles/cmTryCompileExec4190280108.dir/build
/usr/local/Cellar/cmake/3.0.1/bin/cmake -E cmake_progress_report /Users/Shaojun/catkin_ws/build/CMakeFiles/CMakeTmp/CMakeFiles 1
Building CXX object CMakeFiles/cmTryCompileExec4190280108.dir/CheckSymbolExists.cxx.o
/usr/bin/c++    -I/usr/local/Cellar/qt/4.8.6/include -F/usr/local/Cellar/qt/4.8.6/lib    -o CMakeFiles/cmTryCompileExec4190280108.dir/CheckSymbolExists.cxx.o -c /Users/Shaojun/catkin_ws/build/CMakeFiles/CMakeTmp/CheckSymbolExists.cxx
/Users/Shaojun/catkin_ws/build/CMakeFiles/CMakeTmp/CheckSymbolExists.cxx:8:19: error: use of undeclared identifier 'Q_WS_X11'
  return ((int*)(&Q_WS_X11))[argc];
                  ^
1 error generated.
make[1]: *** [CMakeFiles/cmTryCompileExec4190280108.dir/CheckSymbolExists.cxx.o] Error 1
make: *** [cmTryCompileExec4190280108/fast] Error 2

File /Users/Shaojun/catkin_ws/build/CMakeFiles/CMakeTmp/CheckSymbolExists.cxx:
/* */
#include <QtCore/qglobal.h>

int main(int argc, char** argv)
{
  (void)argv;
#ifndef Q_WS_X11
  return ((int*)(&Q_WS_X11))[argc];
#else
  (void)argc;
  return 0;
#endif
}

Determining if the Q_WS_WIN exist failed with the following output:
Change Dir: /Users/Shaojun/catkin_ws/build/CMakeFiles/CMakeTmp

Run Build Command:"/usr/bin/make" "cmTryCompileExec1794869860/fast"
/Applications/Xcode.app/Contents/Developer/usr/bin/make -f CMakeFiles/cmTryCompileExec1794869860.dir/build.make CMakeFiles/cmTryCompileExec1794869860.dir/build
/usr/local/Cellar/cmake/3.0.1/bin/cmake -E cmake_progress_report /Users/Shaojun/catkin_ws/build/CMakeFiles/CMakeTmp/CMakeFiles 1
Building CXX object CMakeFiles/cmTryCompileExec1794869860.dir/CheckSymbolExists.cxx.o
/usr/bin/c++    -I/usr/local/Cellar/qt/4.8.6/include -F/usr/local/Cellar/qt/4.8.6/lib    -o CMakeFiles/cmTryCompileExec1794869860.dir/CheckSymbolExists.cxx.o -c /Users/Shaojun/catkin_ws/build/CMakeFiles/CMakeTmp/CheckSymbolExists.cxx
/Users/Shaojun/catkin_ws/build/CMakeFiles/CMakeTmp/CheckSymbolExists.cxx:8:19: error: use of undeclared identifier 'Q_WS_WIN'
  return ((int*)(&Q_WS_WIN))[argc];
                  ^
1 error generated.
make[1]: *** [CMakeFiles/cmTryCompileExec1794869860.dir/CheckSymbolExists.cxx.o] Error 1
make: *** [cmTryCompileExec1794869860/fast] Error 2

File /Users/Shaojun/catkin_ws/build/CMakeFiles/CMakeTmp/CheckSymbolExists.cxx:
/* */
#include <QtCore/qglobal.h>

int main(int argc, char** argv)
{
  (void)argv;
#ifndef Q_WS_WIN
  return ((int*)(&Q_WS_WIN))[argc];
#else
  (void)argc;
  return 0;
#endif
}

Determining if the Q_WS_QWS exist failed with the following output:
Change Dir: /Users/Shaojun/catkin_ws/build/CMakeFiles/CMakeTmp

Run Build Command:"/usr/bin/make" "cmTryCompileExec2958404630/fast"
/Applications/Xcode.app/Contents/Developer/usr/bin/make -f CMakeFiles/cmTryCompileExec2958404630.dir/build.make CMakeFiles/cmTryCompileExec2958404630.dir/build
/usr/local/Cellar/cmake/3.0.1/bin/cmake -E cmake_progress_report /Users/Shaojun/catkin_ws/build/CMakeFiles/CMakeTmp/CMakeFiles 1
Building CXX object CMakeFiles/cmTryCompileExec2958404630.dir/CheckSymbolExists.cxx.o
/usr/bin/c++    -I/usr/local/Cellar/qt/4.8.6/include -F/usr/local/Cellar/qt/4.8.6/lib    -o CMakeFiles/cmTryCompileExec2958404630.dir/CheckSymbolExists.cxx.o -c /Users/Shaojun/catkin_ws/build/CMakeFiles/CMakeTmp/CheckSymbolExists.cxx
/Users/Shaojun/catkin_ws/build/CMakeFiles/CMakeTmp/CheckSymbolExists.cxx:8:19: error: use of undeclared identifier 'Q_WS_QWS'
  return ((int*)(&Q_WS_QWS))[argc];
                  ^
1 error generated.
make[1]: *** [CMakeFiles/cmTryCompileExec2958404630.dir/CheckSymbolExists.cxx.o] Error 1
make: *** [cmTryCompileExec2958404630/fast] Error 2

File /Users/Shaojun/catkin_ws/build/CMakeFiles/CMakeTmp/CheckSymbolExists.cxx:
/* */
#include <QtCore/qglobal.h>

int main(int argc, char** argv)
{
  (void)argv;
#ifndef Q_WS_QWS
  return ((int*)(&Q_WS_QWS))[argc];
#else
  (void)argc;
  return 0;
#endif
}

